# JRE version: Java(TM) SE Runtime Environment (7.0_75-b13) (build 1.7.0_75-b13)
# Java VM: Java HotSpot(TM) Server VM (24.75-b04 mixed mode linux-x86 )
Heap
 PSYoungGen      total 127232K, used 8436K [0xddfc0000, 0xe6440000, 0xf3540000)
  eden space 118784K, 0% used [0xddfc0000,0xddfc0000,0xe53c0000)
  from space 8448K, 99% used [0xe53c0000,0xe5bfd368,0xe5c00000)
  to   space 8192K, 0% used [0xe5c40000,0xe5c40000,0xe6440000)
 ParOldGen       total 38656K, used 14873K [0xb3540000, 0xb5b00000, 0xddfc0000)
  object space 38656K, 38% used [0xb3540000,0xb43c66c0,0xb5b00000)
 PSPermGen       total 17152K, used 16920K [0xa3540000, 0xa4600000, 0xb3540000)
  object space 17152K, 98% used [0xa3540000,0xa45c6058,0xa4600000)
GC Heap History (10 events):
Event: 1,712 GC heap after
Heap after GC invocations=2 (full 0):
 PSYoungGen      total 32000K, used 1724K [0xddfc0000, 0xe0140000, 0xf3540000)
  eden space 29696K, 0% used [0xddfc0000,0xddfc0000,0xdfcc0000)
  from space 2304K, 74% used [0xdff00000,0xe00af310,0xe0140000)
  to   space 2304K, 0% used [0xdfcc0000,0xdfcc0000,0xdff00000)
 ParOldGen       total 38656K, used 231K [0xb3540000, 0xb5b00000, 0xddfc0000)
  object space 38656K, 0% used [0xb3540000,0xb3579f98,0xb5b00000)
 PSPermGen       total 16384K, used 3587K [0xa3540000, 0xa4540000, 0xb3540000)
  object space 16384K, 21% used [0xa3540000,0xa38c0e60,0xa4540000)
}
Event: 2,945 GC heap before
{Heap before GC invocations=3 (full 0):
 PSYoungGen      total 32000K, used 31420K [0xddfc0000, 0xe0140000, 0xf3540000)
  eden space 29696K, 100% used [0xddfc0000,0xdfcc0000,0xdfcc0000)
  from space 2304K, 74% used [0xdff00000,0xe00af310,0xe0140000)
  to   space 2304K, 0% used [0xdfcc0000,0xdfcc0000,0xdff00000)
 ParOldGen       total 38656K, used 231K [0xb3540000, 0xb5b00000, 0xddfc0000)
  object space 38656K, 0% used [0xb3540000,0xb3579f98,0xb5b00000)
 PSPermGen       total 16384K, used 7462K [0xa3540000, 0xa4540000, 0xb3540000)
  object space 16384K, 45% used [0xa3540000,0xa3c89a50,0xa4540000)
Event: 2,973 GC heap after
Heap after GC invocations=3 (full 0):
 PSYoungGen      total 32000K, used 2303K [0xddfc0000, 0xe1e40000, 0xf3540000)
  eden space 29696K, 0% used [0xddfc0000,0xddfc0000,0xdfcc0000)
  from space 2304K, 99% used [0xdfcc0000,0xdfefffb0,0xdff00000)
  to   space 2304K, 0% used [0xe1c00000,0xe1c00000,0xe1e40000)
 ParOldGen       total 38656K, used 3577K [0xb3540000, 0xb5b00000, 0xddfc0000)
  object space 38656K, 9% used [0xb3540000,0xb38be498,0xb5b00000)
 PSPermGen       total 16384K, used 7462K [0xa3540000, 0xa4540000, 0xb3540000)
  object space 16384K, 45% used [0xa3540000,0xa3c89a50,0xa4540000)
}
Event: 4,319 GC heap before
{Heap before GC invocations=4 (full 0):
 PSYoungGen      total 32000K, used 31999K [0xddfc0000, 0xe1e40000, 0xf3540000)
  eden space 29696K, 100% used [0xddfc0000,0xdfcc0000,0xdfcc0000)
  from space 2304K, 99% used [0xdfcc0000,0xdfefffb0,0xdff00000)
  to   space 2304K, 0% used [0xe1c00000,0xe1c00000,0xe1e40000)
 ParOldGen       total 38656K, used 3577K [0xb3540000, 0xb5b00000, 0xddfc0000)
  object space 38656K, 9% used [0xb3540000,0xb38be498,0xb5b00000)
 PSPermGen       total 16384K, used 11544K [0xa3540000, 0xa4540000, 0xb3540000)
  object space 16384K, 70% used [0xa3540000,0xa40863b8,0xa4540000)
Event: 4,341 GC heap after
Heap after GC invocations=4 (full 0):
 PSYoungGen      total 61696K, used 2303K [0xddfc0000, 0xe1e40000, 0xf3540000)
  eden space 59392K, 0% used [0xddfc0000,0xddfc0000,0xe19c0000)
  from space 2304K, 99% used [0xe1c00000,0xe1e3fcb0,0xe1e40000)
  to   space 2304K, 0% used [0xe19c0000,0xe19c0000,0xe1c00000)
 ParOldGen       total 38656K, used 8570K [0xb3540000, 0xb5b00000, 0xddfc0000)
  object space 38656K, 22% used [0xb3540000,0xb3d9e808,0xb5b00000)
 PSPermGen       total 16384K, used 11544K [0xa3540000, 0xa4540000, 0xb3540000)
  object space 16384K, 70% used [0xa3540000,0xa40863b8,0xa4540000)
}
Event: 5,677 GC heap before
{Heap before GC invocations=5 (full 0):
 PSYoungGen      total 61696K, used 61695K [0xddfc0000, 0xe1e40000, 0xf3540000)
  eden space 59392K, 100% used [0xddfc0000,0xe19c0000,0xe19c0000)
  from space 2304K, 99% used [0xe1c00000,0xe1e3fcb0,0xe1e40000)
  to   space 2304K, 0% used [0xe19c0000,0xe19c0000,0xe1c00000)
 ParOldGen       total 38656K, used 8570K [0xb3540000, 0xb5b00000, 0xddfc0000)
  object space 38656K, 22% used [0xb3540000,0xb3d9e808,0xb5b00000)
 PSPermGen       total 16384K, used 13631K [0xa3540000, 0xa4540000, 0xb3540000)
  object space 16384K, 83% used [0xa3540000,0xa428fce0,0xa4540000)
Event: 5,743 GC heap after
Heap after GC invocations=5 (full 0):
 PSYoungGen      total 61696K, used 2301K [0xddfc0000, 0xe64c0000, 0xf3540000)
  eden space 59392K, 0% used [0xddfc0000,0xddfc0000,0xe19c0000)
  from space 2304K, 99% used [0xe19c0000,0xe1bff530,0xe1c00000)
  to   space 8704K, 0% used [0xe5c40000,0xe5c40000,0xe64c0000)
 ParOldGen       total 38656K, used 11758K [0xb3540000, 0xb5b00000, 0xddfc0000)
  object space 38656K, 30% used [0xb3540000,0xb40bb8d0,0xb5b00000)
 PSPermGen       total 16384K, used 13631K [0xa3540000, 0xa4540000, 0xb3540000)
  object space 16384K, 83% used [0xa3540000,0xa428fce0,0xa4540000)
}
Event: 6,665 GC heap before
{Heap before GC invocations=6 (full 0):
 PSYoungGen      total 61696K, used 61693K [0xddfc0000, 0xe64c0000, 0xf3540000)
  eden space 59392K, 100% used [0xddfc0000,0xe19c0000,0xe19c0000)
  from space 2304K, 99% used [0xe19c0000,0xe1bff530,0xe1c00000)
  to   space 8704K, 0% used [0xe5c40000,0xe5c40000,0xe64c0000)
 ParOldGen       total 38656K, used 11758K [0xb3540000, 0xb5b00000, 0xddfc0000)
  object space 38656K, 30% used [0xb3540000,0xb40bb8d0,0xb5b00000)
 PSPermGen       total 16384K, used 13633K [0xa3540000, 0xa4540000, 0xb3540000)
  object space 16384K, 83% used [0xa3540000,0xa4290558,0xa4540000)
Event: 6,724 GC heap after
Heap after GC invocations=6 (full 0):
 PSYoungGen      total 126976K, used 2943K [0xddfc0000, 0xe6440000, 0xf3540000)
  eden space 118784K, 0% used [0xddfc0000,0xddfc0000,0xe53c0000)
  from space 8192K, 35% used [0xe5c40000,0xe5f1fd40,0xe6440000)
  to   space 8448K, 0% used [0xe53c0000,0xe53c0000,0xe5c00000)
 ParOldGen       total 38656K, used 11758K [0xb3540000, 0xb5b00000, 0xddfc0000)
  object space 38656K, 30% used [0xb3540000,0xb40bb8d0,0xb5b00000)
 PSPermGen       total 16384K, used 13633K [0xa3540000, 0xa4540000, 0xb3540000)
  object space 16384K, 83% used [0xa3540000,0xa4290558,0xa4540000)
}
Event: 9,836 GC heap before
{Heap before GC invocations=7 (full 0):
 PSYoungGen      total 126976K, used 121727K [0xddfc0000, 0xe6440000, 0xf3540000)
  eden space 118784K, 100% used [0xddfc0000,0xe53c0000,0xe53c0000)
  from space 8192K, 35% used [0xe5c40000,0xe5f1fd40,0xe6440000)
  to   space 8448K, 0% used [0xe53c0000,0xe53c0000,0xe5c00000)
 ParOldGen       total 38656K, used 11758K [0xb3540000, 0xb5b00000, 0xddfc0000)
  object space 38656K, 30% used [0xb3540000,0xb40bb8d0,0xb5b00000)
 PSPermGen       total 17152K, used 16920K [0xa3540000, 0xa4600000, 0xb3540000)
  object space 17152K, 98% used [0xa3540000,0xa45c6058,0xa4600000)

