# JRE version: Java(TM) SE Runtime Environment (7.0_75-b13) (build 1.7.0_75-b13)
# Java VM: Java HotSpot(TM) Server VM (24.75-b04 mixed mode linux-x86 )
Heap
 PSYoungGen      total 135424K, used 11250K [0xddf80000, 0xe7240000, 0xf3500000)
  eden space 124160K, 0% used [0xddf80000,0xddf80000,0xe58c0000)
  from space 11264K, 99% used [0xe58c0000,0xe63bc840,0xe63c0000)
  to   space 7680K, 0% used [0xe63c0000,0xe63c0000,0xe6b40000)
 ParOldGen       total 38656K, used 32429K [0xb3500000, 0xb5ac0000, 0xddf80000)
  object space 38656K, 83% used [0xb3500000,0xb54ab498,0xb5ac0000)
 PSPermGen       total 27648K, used 27554K [0xa3500000, 0xa5000000, 0xb3500000)
  object space 27648K, 99% used [0xa3500000,0xa4fe8840,0xa5000000)
GC Heap History (10 events):
Event: 152,317 GC heap after
Heap after GC invocations=14 (full 0):
 PSYoungGen      total 63488K, used 640K [0xddf80000, 0xe2440000, 0xf3500000)
  eden space 57088K, 0% used [0xddf80000,0xddf80000,0xe1740000)
  from space 6400K, 10% used [0xe1e00000,0xe1ea0000,0xe2440000)
  to   space 6656K, 0% used [0xe1740000,0xe1740000,0xe1dc0000)
 ParOldGen       total 38656K, used 12124K [0xb3500000, 0xb5ac0000, 0xddf80000)
  object space 38656K, 31% used [0xb3500000,0xb40d7248,0xb5ac0000)
 PSPermGen       total 16384K, used 13623K [0xa3500000, 0xa4500000, 0xb3500000)
  object space 16384K, 83% used [0xa3500000,0xa424dee8,0xa4500000)
}
Event: 154,250 GC heap before
{Heap before GC invocations=15 (full 0):
 PSYoungGen      total 63488K, used 57728K [0xddf80000, 0xe2440000, 0xf3500000)
  eden space 57088K, 100% used [0xddf80000,0xe1740000,0xe1740000)
  from space 6400K, 10% used [0xe1e00000,0xe1ea0000,0xe2440000)
  to   space 6656K, 0% used [0xe1740000,0xe1740000,0xe1dc0000)
 ParOldGen       total 38656K, used 12124K [0xb3500000, 0xb5ac0000, 0xddf80000)
  object space 38656K, 31% used [0xb3500000,0xb40d7248,0xb5ac0000)
 PSPermGen       total 16384K, used 16137K [0xa3500000, 0xa4500000, 0xb3500000)
  object space 16384K, 98% used [0xa3500000,0xa44c2480,0xa4500000)
Event: 154,276 GC heap after
Heap after GC invocations=15 (full 0):
 PSYoungGen      total 63744K, used 5935K [0xddf80000, 0xe47c0000, 0xf3500000)
  eden space 57088K, 0% used [0xddf80000,0xddf80000,0xe1740000)
  from space 6656K, 89% used [0xe1740000,0xe1d0bd30,0xe1dc0000)
  to   space 7680K, 0% used [0xe4040000,0xe4040000,0xe47c0000)
 ParOldGen       total 38656K, used 12752K [0xb3500000, 0xb5ac0000, 0xddf80000)
  object space 38656K, 32% used [0xb3500000,0xb4174248,0xb5ac0000)
 PSPermGen       total 16384K, used 16137K [0xa3500000, 0xa4500000, 0xb3500000)
  object space 16384K, 98% used [0xa3500000,0xa44c2480,0xa4500000)
}
Event: 155,690 GC heap before
{Heap before GC invocations=16 (full 0):
 PSYoungGen      total 63744K, used 63023K [0xddf80000, 0xe47c0000, 0xf3500000)
  eden space 57088K, 100% used [0xddf80000,0xe1740000,0xe1740000)
  from space 6656K, 89% used [0xe1740000,0xe1d0bd30,0xe1dc0000)
  to   space 7680K, 0% used [0xe4040000,0xe4040000,0xe47c0000)
 ParOldGen       total 38656K, used 12752K [0xb3500000, 0xb5ac0000, 0xddf80000)
  object space 38656K, 32% used [0xb3500000,0xb4174248,0xb5ac0000)
 PSPermGen       total 18432K, used 18327K [0xa3500000, 0xa4700000, 0xb3500000)
  object space 18432K, 99% used [0xa3500000,0xa46e5fe0,0xa4700000)
Event: 155,737 GC heap after
Heap after GC invocations=16 (full 0):
 PSYoungGen      total 98816K, used 4585K [0xddf80000, 0xe4840000, 0xf3500000)
  eden space 91136K, 0% used [0xddf80000,0xddf80000,0xe3880000)
  from space 7680K, 59% used [0xe4040000,0xe44ba780,0xe47c0000)
  to   space 7936K, 0% used [0xe3880000,0xe3880000,0xe4040000)
 ParOldGen       total 38656K, used 15753K [0xb3500000, 0xb5ac0000, 0xddf80000)
  object space 38656K, 40% used [0xb3500000,0xb4462738,0xb5ac0000)
 PSPermGen       total 18432K, used 18327K [0xa3500000, 0xa4700000, 0xb3500000)
  object space 18432K, 99% used [0xa3500000,0xa46e5fe0,0xa4700000)
}
Event: 158,657 GC heap before
{Heap before GC invocations=17 (full 0):
 PSYoungGen      total 98816K, used 95721K [0xddf80000, 0xe4840000, 0xf3500000)
  eden space 91136K, 100% used [0xddf80000,0xe3880000,0xe3880000)
  from space 7680K, 59% used [0xe4040000,0xe44ba780,0xe47c0000)
  to   space 7936K, 0% used [0xe3880000,0xe3880000,0xe4040000)
 ParOldGen       total 38656K, used 15753K [0xb3500000, 0xb5ac0000, 0xddf80000)
  object space 38656K, 40% used [0xb3500000,0xb4462738,0xb5ac0000)
 PSPermGen       total 20480K, used 20271K [0xa3500000, 0xa4900000, 0xb3500000)
  object space 20480K, 98% used [0xa3500000,0xa48cbdc0,0xa4900000)
Event: 158,680 GC heap after
Heap after GC invocations=17 (full 0):
 PSYoungGen      total 99072K, used 3707K [0xddf80000, 0xe6b40000, 0xf3500000)
  eden space 91136K, 0% used [0xddf80000,0xddf80000,0xe3880000)
  from space 7936K, 46% used [0xe3880000,0xe3c1ef40,0xe4040000)
  to   space 7680K, 0% used [0xe63c0000,0xe63c0000,0xe6b40000)
 ParOldGen       total 38656K, used 17228K [0xb3500000, 0xb5ac0000, 0xddf80000)
  object space 38656K, 44% used [0xb3500000,0xb45d30b8,0xb5ac0000)
 PSPermGen       total 20480K, used 20271K [0xa3500000, 0xa4900000, 0xb3500000)
  object space 20480K, 98% used [0xa3500000,0xa48cbdc0,0xa4900000)
}
Event: 163,060 GC heap before
{Heap before GC invocations=18 (full 0):
 PSYoungGen      total 99072K, used 94843K [0xddf80000, 0xe6b40000, 0xf3500000)
  eden space 91136K, 100% used [0xddf80000,0xe3880000,0xe3880000)
  from space 7936K, 46% used [0xe3880000,0xe3c1ef40,0xe4040000)
  to   space 7680K, 0% used [0xe63c0000,0xe63c0000,0xe6b40000)
 ParOldGen       total 38656K, used 17228K [0xb3500000, 0xb5ac0000, 0xddf80000)
  object space 38656K, 44% used [0xb3500000,0xb45d30b8,0xb5ac0000)
 PSPermGen       total 24576K, used 24527K [0xa3500000, 0xa4d00000, 0xb3500000)
  object space 24576K, 99% used [0xa3500000,0xa4cf3cb0,0xa4d00000)
Event: 163,178 GC heap after
Heap after GC invocations=18 (full 0):
 PSYoungGen      total 131840K, used 7678K [0xddf80000, 0xe7240000, 0xf3500000)
  eden space 124160K, 0% used [0xddf80000,0xddf80000,0xe58c0000)
  from space 7680K, 99% used [0xe63c0000,0xe6b3fbe8,0xe6b40000)
  to   space 11264K, 0% used [0xe58c0000,0xe58c0000,0xe63c0000)
 ParOldGen       total 38656K, used 23488K [0xb3500000, 0xb5ac0000, 0xddf80000)
  object space 38656K, 60% used [0xb3500000,0xb4bf0030,0xb5ac0000)
 PSPermGen       total 24576K, used 24527K [0xa3500000, 0xa4d00000, 0xb3500000)
  object space 24576K, 99% used [0xa3500000,0xa4cf3cb0,0xa4d00000)
}
Event: 177,268 GC heap before
{Heap before GC invocations=19 (full 0):
 PSYoungGen      total 131840K, used 131838K [0xddf80000, 0xe7240000, 0xf3500000)
  eden space 124160K, 100% used [0xddf80000,0xe58c0000,0xe58c0000)
  from space 7680K, 99% used [0xe63c0000,0xe6b3fbe8,0xe6b40000)
  to   space 11264K, 0% used [0xe58c0000,0xe58c0000,0xe63c0000)
 ParOldGen       total 38656K, used 23488K [0xb3500000, 0xb5ac0000, 0xddf80000)
  object space 38656K, 60% used [0xb3500000,0xb4bf0030,0xb5ac0000)
 PSPermGen       total 27648K, used 27554K [0xa3500000, 0xa5000000, 0xb3500000)
  object space 27648K, 99% used [0xa3500000,0xa4fe8840,0xa5000000)

